<?xml version="1.0" encoding="UTF-8"?>
<testsuites name="jest tests" tests="7" failures="0" errors="0" time="0.753">
  <testsuite name="undefined" errors="0" failures="0" skipped="0" timestamp="2026-02-13T15:00:58" time="0.568" tests="4">
    <testcase classname=" GET /api/messages -&gt; 401 sans token" name=" GET /api/messages -&gt; 401 sans token" time="0.027">
    </testcase>
    <testcase classname=" GET /api/messages -&gt; 200 avec token et retourne les messages" name=" GET /api/messages -&gt; 200 avec token et retourne les messages" time="0.022">
    </testcase>
    <testcase classname=" PATCH /api/messages/:id -&gt; marque comme lu" name=" PATCH /api/messages/:id -&gt; marque comme lu" time="0.007">
    </testcase>
    <testcase classname=" DELETE /api/messages/:id -&gt; supprime" name=" DELETE /api/messages/:id -&gt; supprime" time="0.008">
    </testcase>
  </testsuite>
  <testsuite name="undefined" errors="0" failures="0" skipped="0" timestamp="2026-02-13T15:00:59" time="0.09" tests="3">
    <testcase classname=" POST /api/contact -&gt; 200 et enregistre un message" name=" POST /api/contact -&gt; 200 et enregistre un message" time="0.007">
    </testcase>
    <testcase classname=" POST /api/contact -&gt; 400 si champs manquants" name=" POST /api/contact -&gt; 400 si champs manquants" time="0.003">
    </testcase>
    <testcase classname=" POST /api/contact -&gt; 400 si email invalide" name=" POST /api/contact -&gt; 400 si email invalide" time="0.003">
    </testcase>
  </testsuite>
</testsuites>