<?xml version="1.0" encoding="UTF-8"?>
<testsuites name="jest tests" tests="2" failures="0" errors="0" time="1.107">
  <testsuite name="undefined" errors="0" failures="0" skipped="0" timestamp="2026-02-02T13:04:04" time="0.348" tests="2">
    <testcase classname=" Vérifie l’identité du propriétaire du portfolio" name=" Vérifie l’identité du propriétaire du portfolio" time="0.001">
    </testcase>
    <testcase classname=" Vérifie le format de l’email de contact" name=" Vérifie le format de l’email de contact" time="0">
    </testcase>
  </testsuite>
</testsuites>